=== SupplyLink Daily Run 2026-04-13 ===
Task file: /root/.openclaw/workspace-crm/central/tasks/supply-daily-task.md
=== Task 1: Generate subclasses ===
  Generating: clothing-dresses (product)
Generated: product/clothing-dresses.html (9 KB)
Output: /root/.openclaw/workspace-crm/notebooklm_seo/output/supply-chain/product/clothing-dresses.html
  Generating: clothing-jackets (product)
Generated: product/clothing-jackets.html (9 KB)
Output: /root/.openclaw/workspace-crm/notebooklm_seo/output/supply-chain/product/clothing-jackets.html
  Generating: clothing-pants (product)
Generated: product/clothing-pants.html (9 KB)
Output: /root/.openclaw/workspace-crm/notebooklm_seo/output/supply-chain/product/clothing-pants.html
  Generating: clothing-activewear (product)
Generated: product/clothing-activewear.html (9 KB)
Output: /root/.openclaw/workspace-crm/notebooklm_seo/output/supply-chain/product/clothing-activewear.html
  Generating: clothing-formal (product)
Generated: product/clothing-formal.html (9 KB)
Output: /root/.openclaw/workspace-crm/notebooklm_seo/output/supply-chain/product/clothing-formal.html
  Generating: smartphones (product)
Generated: product/smartphones.html (9 KB)
Output: /root/.openclaw/workspace-crm/notebooklm_seo/output/supply-chain/product/smartphones.html
  Generating: tablets (product)
Generated: product/tablets.html (9 KB)
Output: /root/.openclaw/workspace-crm/notebooklm_seo/output/supply-chain/product/tablets.html
  Generating: smartwatches (product)
Generated: product/smartwatches.html (9 KB)
Output: /root/.openclaw/workspace-crm/notebooklm_seo/output/supply-chain/product/smartwatches.html
  Generating: cameras (product)
Generated: product/cameras.html (9 KB)
Output: /root/.openclaw/workspace-crm/notebooklm_seo/output/supply-chain/product/cameras.html
Subclass generation complete
=== Task 2: Git push ===
[main cb1662d] Supply: +clothing +electronics subclasses 2026-04-13
 12 files changed, 137 insertions(+), 9 deletions(-)
 create mode 100644 logs/daily-2026-04-13.log
To https://github.com/samwang0420-code/suppler-geo.git
   906a1e3..cb1662d  main -> main
Git push: cb1662d
=== Task 3: Cloudflare deploy ===

 ‚õÖÔłŹ wrangler 4.73.0 (update available 4.81.1)
‚ĒÄ‚ĒÄ‚ĒÄ‚ĒÄ‚ĒÄ‚ĒÄ‚ĒÄ‚ĒÄ‚ĒÄ‚ĒÄ‚ĒÄ‚ĒÄ‚ĒÄ‚ĒÄ‚ĒÄ‚ĒÄ‚ĒÄ‚ĒÄ‚ĒÄ‚ĒÄ‚ĒÄ‚ĒÄ‚ĒÄ‚ĒÄ‚ĒÄ‚ĒÄ‚ĒÄ‚ĒÄ‚ĒÄ‚ĒÄ‚ĒÄ‚ĒÄ‚ĒÄ‚ĒÄ‚ĒÄ‚ĒÄ‚ĒÄ‚ĒÄ‚ĒÄ‚ĒÄ‚ĒÄ‚ĒÄ‚ĒÄ‚ĒÄ‚ĒÄ
[33m‚Ė≤ [43;33m[[43;30mWARNING[43;33m][0m [1mPages now has wrangler.toml support.[0m

  We detected a configuration file at /root/.openclaw/workspace-geo-suppler/suppler-geo/wrangler.toml but it is missing the "pages_build_output_dir" field, required by Pages.
  If you would like to use this configuration file to deploy your project, please use "pages_build_output_dir" to specify the directory of static files to upload.
  Ignoring configuration file for now, and proceeding with project deploy.


[33m‚Ė≤ [43;33m[[43;30mWARNING[43;33m][0m [1mWarning: Your working directory is a git repo and has uncommitted changes[0m

  To silence this warning, pass in --commit-dirty=true


Uploading... (138/150)
Uploading... (142/150)
Uploading... (146/150)
Uploading... (150/150)
‚ú® Success! Uploaded 12 files (138 already uploaded) (1.33 sec)

‚ú® Uploading _redirects
ūüĆé Deploying...
‚ú® Deployment complete! Take a peek over at https://17faadaf.suppler-geo.pages.dev
=== Task 4: Daily report ===
Report: /root/.openclaw/workspace-crm/central/reports/supply_2026-04-13.json
=== Done 2026-04-13 ===
=== SupplyLink Daily Run 2026-04-13 ===
Task file: /root/.openclaw/workspace-crm/central/tasks/supply-daily-task.md
=== Task 1: Generate subclasses ===
  Generating: clothing-dresses (product)
Generated: product/clothing-dresses.html (9 KB)
Output: /root/.openclaw/workspace-crm/notebooklm_seo/output/supply-chain/product/clothing-dresses.html
  Generating: clothing-jackets (product)
Generated: product/clothing-jackets.html (9 KB)
Output: /root/.openclaw/workspace-crm/notebooklm_seo/output/supply-chain/product/clothing-jackets.html
  Generating: clothing-pants (product)
Generated: product/clothing-pants.html (9 KB)
Output: /root/.openclaw/workspace-crm/notebooklm_seo/output/supply-chain/product/clothing-pants.html
  Generating: clothing-activewear (product)
Generated: product/clothing-activewear.html (9 KB)
Output: /root/.openclaw/workspace-crm/notebooklm_seo/output/supply-chain/product/clothing-activewear.html
  Generating: clothing-formal (product)
Generated: product/clothing-formal.html (9 KB)
Output: /root/.openclaw/workspace-crm/notebooklm_seo/output/supply-chain/product/clothing-formal.html
  Generating: smartphones (product)
Generated: product/smartphones.html (9 KB)
Output: /root/.openclaw/workspace-crm/notebooklm_seo/output/supply-chain/product/smartphones.html
  Generating: tablets (product)
Generated: product/tablets.html (9 KB)
Output: /root/.openclaw/workspace-crm/notebooklm_seo/output/supply-chain/product/tablets.html
  Generating: smartwatches (product)
Generated: product/smartwatches.html (9 KB)
Output: /root/.openclaw/workspace-crm/notebooklm_seo/output/supply-chain/product/smartwatches.html
  Generating: cameras (product)
Generated: product/cameras.html (9 KB)
Output: /root/.openclaw/workspace-crm/notebooklm_seo/output/supply-chain/product/cameras.html
Subclass generation complete
=== Task 2: Git push ===
[main 2521169] Supply: +clothing +electronics subclasses 2026-04-13
 2 files changed, 132 insertions(+)
To https://github.com/samwang0420-code/suppler-geo.git
   cb1662d..2521169  main -> main
Git push: 2521169
=== Task 3: Cloudflare deploy ===

 ‚õÖÔłŹ wrangler 4.73.0 (update available 4.81.1)
‚ĒÄ‚ĒÄ‚ĒÄ‚ĒÄ‚ĒÄ‚ĒÄ‚ĒÄ‚ĒÄ‚ĒÄ‚ĒÄ‚ĒÄ‚ĒÄ‚ĒÄ‚ĒÄ‚ĒÄ‚ĒÄ‚ĒÄ‚ĒÄ‚ĒÄ‚ĒÄ‚ĒÄ‚ĒÄ‚ĒÄ‚ĒÄ‚ĒÄ‚ĒÄ‚ĒÄ‚ĒÄ‚ĒÄ‚ĒÄ‚ĒÄ‚ĒÄ‚ĒÄ‚ĒÄ‚ĒÄ‚ĒÄ‚ĒÄ‚ĒÄ‚ĒÄ‚ĒÄ‚ĒÄ‚ĒÄ‚ĒÄ‚ĒÄ‚ĒÄ
[33m‚Ė≤ [43;33m[[43;30mWARNING[43;33m][0m [1mPages now has wrangler.toml support.[0m

  We detected a configuration file at /root/.openclaw/workspace-geo-suppler/suppler-geo/wrangler.toml but it is missing the "pages_build_output_dir" field, required by Pages.
  If you would like to use this configuration file to deploy your project, please use "pages_build_output_dir" to specify the directory of static files to upload.
  Ignoring configuration file for now, and proceeding with project deploy.


[33m‚Ė≤ [43;33m[[43;30mWARNING[43;33m][0m [1mWarning: Your working directory is a git repo and has uncommitted changes[0m

  To silence this warning, pass in --commit-dirty=true


Uploading... (148/150)
Uploading... (149/150)
Uploading... (150/150)
‚ú® Success! Uploaded 2 files (148 already uploaded) (1.28 sec)

‚ú® Uploading _redirects
ūüĆé Deploying...
‚ú® Deployment complete! Take a peek over at https://86bbcfd8.suppler-geo.pages.dev
=== Task 4: Daily report ===
Report: /root/.openclaw/workspace-crm/central/reports/supply_2026-04-13.json
=== Done 2026-04-13 ===
=== SupplyLink Daily Run 2026-04-13 ===
Task file: /root/.openclaw/workspace-crm/central/tasks/supply-daily-task.md
=== Task 1: Generate subclasses ===
  Generating: clothing-dresses (product)
Generated: product/clothing-dresses.html (9 KB)
Output: /root/.openclaw/workspace-crm/notebooklm_seo/output/supply-chain/product/clothing-dresses.html
  Generating: clothing-jackets (product)
Generated: product/clothing-jackets.html (9 KB)
Output: /root/.openclaw/workspace-crm/notebooklm_seo/output/supply-chain/product/clothing-jackets.html
  Generating: clothing-pants (product)
Generated: product/clothing-pants.html (9 KB)
Output: /root/.openclaw/workspace-crm/notebooklm_seo/output/supply-chain/product/clothing-pants.html
  Generating: clothing-activewear (product)
Generated: product/clothing-activewear.html (9 KB)
Output: /root/.openclaw/workspace-crm/notebooklm_seo/output/supply-chain/product/clothing-activewear.html
  Generating: clothing-formal (product)
Generated: product/clothing-formal.html (9 KB)
Output: /root/.openclaw/workspace-crm/notebooklm_seo/output/supply-chain/product/clothing-formal.html
  Generating: smartphones (product)
Generated: product/smartphones.html (9 KB)
Output: /root/.openclaw/workspace-crm/notebooklm_seo/output/supply-chain/product/smartphones.html
  Generating: tablets (product)
Generated: product/tablets.html (9 KB)
Output: /root/.openclaw/workspace-crm/notebooklm_seo/output/supply-chain/product/tablets.html
  Generating: smartwatches (product)
Generated: product/smartwatches.html (9 KB)
Output: /root/.openclaw/workspace-crm/notebooklm_seo/output/supply-chain/product/smartwatches.html
  Generating: cameras (product)
Generated: product/cameras.html (9 KB)
Output: /root/.openclaw/workspace-crm/notebooklm_seo/output/supply-chain/product/cameras.html
Subclass generation complete
=== Task 2: Git push ===
[main 11700ca] Supply: +clothing +electronics subclasses 2026-04-13
 18 files changed, 272 insertions(+), 16 deletions(-)
To https://github.com/samwang0420-code/suppler-geo.git
   2521169..11700ca  main -> main
Git push: 11700ca
=== Task 3: Cloudflare deploy ===

 ‚õÖÔłŹ wrangler 4.73.0 (update available 4.81.1)
‚ĒÄ‚ĒÄ‚ĒÄ‚ĒÄ‚ĒÄ‚ĒÄ‚ĒÄ‚ĒÄ‚ĒÄ‚ĒÄ‚ĒÄ‚ĒÄ‚ĒÄ‚ĒÄ‚ĒÄ‚ĒÄ‚ĒÄ‚ĒÄ‚ĒÄ‚ĒÄ‚ĒÄ‚ĒÄ‚ĒÄ‚ĒÄ‚ĒÄ‚ĒÄ‚ĒÄ‚ĒÄ‚ĒÄ‚ĒÄ‚ĒÄ‚ĒÄ‚ĒÄ‚ĒÄ‚ĒÄ‚ĒÄ‚ĒÄ‚ĒÄ‚ĒÄ‚ĒÄ‚ĒÄ‚ĒÄ‚ĒÄ‚ĒÄ‚ĒÄ
[33m‚Ė≤ [43;33m[[43;30mWARNING[43;33m][0m [1mPages now has wrangler.toml support.[0m

  We detected a configuration file at /root/.openclaw/workspace-geo-suppler/suppler-geo/wrangler.toml but it is missing the "pages_build_output_dir" field, required by Pages.
  If you would like to use this configuration file to deploy your project, please use "pages_build_output_dir" to specify the directory of static files to upload.
  Ignoring configuration file for now, and proceeding with project deploy.


[33m‚Ė≤ [43;33m[[43;30mWARNING[43;33m][0m [1mWarning: Your working directory is a git repo and has uncommitted changes[0m

  To silence this warning, pass in --commit-dirty=true


Uploading... (132/150)
Uploading... (138/150)
Uploading... (144/150)
Uploading... (150/150)
‚ú® Success! Uploaded 18 files (132 already uploaded) (1.18 sec)

‚ú® Uploading _redirects
ūüĆé Deploying...
‚ú® Deployment complete! Take a peek over at https://56451c83.suppler-geo.pages.dev
=== Task 4: Daily report ===
Report: /root/.openclaw/workspace-crm/central/reports/supply_2026-04-13.json
=== Done 2026-04-13 ===
=== SupplyLink Daily Run 2026-04-13 ===
Task file: /root/.openclaw/workspace-crm/central/tasks/supply-daily-task.md
=== Task 1: Generate subclasses ===
  Generating: clothing-dresses (product)
Generated: product/clothing-dresses.html (9 KB)
Output: /root/.openclaw/workspace-crm/notebooklm_seo/output/supply-chain/product/clothing-dresses.html
  Generating: clothing-jackets (product)
Generated: product/clothing-jackets.html (9 KB)
Output: /root/.openclaw/workspace-crm/notebooklm_seo/output/supply-chain/product/clothing-jackets.html
  Generating: clothing-pants (product)
Generated: product/clothing-pants.html (9 KB)
Output: /root/.openclaw/workspace-crm/notebooklm_seo/output/supply-chain/product/clothing-pants.html
  Generating: clothing-activewear (product)
Generated: product/clothing-activewear.html (9 KB)
Output: /root/.openclaw/workspace-crm/notebooklm_seo/output/supply-chain/product/clothing-activewear.html
  Generating: clothing-formal (product)
Generated: product/clothing-formal.html (9 KB)
Output: /root/.openclaw/workspace-crm/notebooklm_seo/output/supply-chain/product/clothing-formal.html
  Generating: smartphones (product)
Generated: product/smartphones.html (9 KB)
Output: /root/.openclaw/workspace-crm/notebooklm_seo/output/supply-chain/product/smartphones.html
  Generating: tablets (product)
Generated: product/tablets.html (9 KB)
Output: /root/.openclaw/workspace-crm/notebooklm_seo/output/supply-chain/product/tablets.html
  Generating: smartwatches (product)
Generated: product/smartwatches.html (9 KB)
Output: /root/.openclaw/workspace-crm/notebooklm_seo/output/supply-chain/product/smartwatches.html
  Generating: cameras (product)
Generated: product/cameras.html (9 KB)
Output: /root/.openclaw/workspace-crm/notebooklm_seo/output/supply-chain/product/cameras.html
Subclass generation complete
=== Task 2: Git push ===
