=== SupplyLink Daily Run 2026-04-25 ===
Task file: /root/.openclaw/workspace-crm/central/tasks/supply-daily-task.md
=== Task 1: Generate subclasses ===
  Generating: clothing-dresses (product)
Generated: product/clothing-dresses.html (9 KB)
Output: /root/.openclaw/workspace-crm/notebooklm_seo/output/supply-chain/product/clothing-dresses.html
  Generating: clothing-jackets (product)
Generated: product/clothing-jackets.html (9 KB)
Output: /root/.openclaw/workspace-crm/notebooklm_seo/output/supply-chain/product/clothing-jackets.html
  Generating: clothing-pants (product)
Generated: product/clothing-pants.html (9 KB)
Output: /root/.openclaw/workspace-crm/notebooklm_seo/output/supply-chain/product/clothing-pants.html
  Generating: clothing-activewear (product)
Generated: product/clothing-activewear.html (9 KB)
Output: /root/.openclaw/workspace-crm/notebooklm_seo/output/supply-chain/product/clothing-activewear.html
  Generating: clothing-formal (product)
Generated: product/clothing-formal.html (9 KB)
Output: /root/.openclaw/workspace-crm/notebooklm_seo/output/supply-chain/product/clothing-formal.html
  Generating: smartphones (product)
Generated: product/smartphones.html (9 KB)
Output: /root/.openclaw/workspace-crm/notebooklm_seo/output/supply-chain/product/smartphones.html
  Generating: tablets (product)
Generated: product/tablets.html (9 KB)
Output: /root/.openclaw/workspace-crm/notebooklm_seo/output/supply-chain/product/tablets.html
  Generating: smartwatches (product)
Generated: product/smartwatches.html (9 KB)
Output: /root/.openclaw/workspace-crm/notebooklm_seo/output/supply-chain/product/smartwatches.html
  Generating: cameras (product)
Generated: product/cameras.html (9 KB)
Output: /root/.openclaw/workspace-crm/notebooklm_seo/output/supply-chain/product/cameras.html
Subclass generation complete
=== Task 2: Git push ===
[main 8951b71] Supply: +clothing +electronics subclasses 2026-04-25
 30 files changed, 262 insertions(+), 461 deletions(-)
 create mode 100644 logs/daily-2026-04-25.log
To https://github.com/samwang0420-code/suppler-geo.git
   f8b7f06..8951b71  main -> main
Git push: 8951b71
=== Task 3: Cloudflare deploy ===

 ⛅️ wrangler 4.73.0 (update available 4.85.0)
─────────────────────────────────────────────
[33m▲ [43;33m[[43;30mWARNING[43;33m][0m [1mPages now has wrangler.toml support.[0m

  We detected a configuration file at /root/.openclaw/workspace-geo-suppler/suppler-geo/wrangler.toml but it is missing the "pages_build_output_dir" field, required by Pages.
  If you would like to use this configuration file to deploy your project, please use "pages_build_output_dir" to specify the directory of static files to upload.
  Ignoring configuration file for now, and proceeding with project deploy.


[33m▲ [43;33m[[43;30mWARNING[43;33m][0m [1mWarning: Your working directory is a git repo and has uncommitted changes[0m

  To silence this warning, pass in --commit-dirty=true


Uploading... (236/248)
Uploading... (240/248)
Uploading... (244/248)
Uploading... (248/248)
✨ Success! Uploaded 12 files (236 already uploaded) (1.37 sec)

✨ Uploading _redirects
🌎 Deploying...
✨ Deployment complete! Take a peek over at https://408bbb02.suppler-geo.pages.dev
=== Task 4: Daily report ===
Report: /root/.openclaw/workspace-crm/central/reports/supply_2026-04-25.json
=== Done 2026-04-25 ===
=== SupplyLink Daily Run 2026-04-25 ===
Task file: /root/.openclaw/workspace-crm/central/tasks/supply-daily-task.md
=== Task 1: Generate subclasses ===
  Generating: clothing-dresses (product)
Generated: product/clothing-dresses.html (9 KB)
Output: /root/.openclaw/workspace-crm/notebooklm_seo/output/supply-chain/product/clothing-dresses.html
  Generating: clothing-jackets (product)
Generated: product/clothing-jackets.html (9 KB)
Output: /root/.openclaw/workspace-crm/notebooklm_seo/output/supply-chain/product/clothing-jackets.html
  Generating: clothing-pants (product)
Generated: product/clothing-pants.html (9 KB)
Output: /root/.openclaw/workspace-crm/notebooklm_seo/output/supply-chain/product/clothing-pants.html
  Generating: clothing-activewear (product)
Generated: product/clothing-activewear.html (9 KB)
Output: /root/.openclaw/workspace-crm/notebooklm_seo/output/supply-chain/product/clothing-activewear.html
  Generating: clothing-formal (product)
Generated: product/clothing-formal.html (9 KB)
Output: /root/.openclaw/workspace-crm/notebooklm_seo/output/supply-chain/product/clothing-formal.html
  Generating: smartphones (product)
Generated: product/smartphones.html (9 KB)
Output: /root/.openclaw/workspace-crm/notebooklm_seo/output/supply-chain/product/smartphones.html
  Generating: tablets (product)
Generated: product/tablets.html (9 KB)
Output: /root/.openclaw/workspace-crm/notebooklm_seo/output/supply-chain/product/tablets.html
  Generating: smartwatches (product)
Generated: product/smartwatches.html (9 KB)
Output: /root/.openclaw/workspace-crm/notebooklm_seo/output/supply-chain/product/smartwatches.html
  Generating: cameras (product)
Generated: product/cameras.html (9 KB)
Output: /root/.openclaw/workspace-crm/notebooklm_seo/output/supply-chain/product/cameras.html
Subclass generation complete
=== Task 2: Git push ===
[main e9a50c6] Supply: +clothing +electronics subclasses 2026-04-25
 23 files changed, 255 insertions(+), 454 deletions(-)
To https://github.com/samwang0420-code/suppler-geo.git
   636b248..e9a50c6  main -> main
Git push: e9a50c6
=== Task 3: Cloudflare deploy ===

 ⛅️ wrangler 4.73.0 (update available 4.85.0)
─────────────────────────────────────────────
[33m▲ [43;33m[[43;30mWARNING[43;33m][0m [1mPages now has wrangler.toml support.[0m

  We detected a configuration file at /root/.openclaw/workspace-geo-suppler/suppler-geo/wrangler.toml but it is missing the "pages_build_output_dir" field, required by Pages.
  If you would like to use this configuration file to deploy your project, please use "pages_build_output_dir" to specify the directory of static files to upload.
  Ignoring configuration file for now, and proceeding with project deploy.


[33m▲ [43;33m[[43;30mWARNING[43;33m][0m [1mWarning: Your working directory is a git repo and has uncommitted changes[0m

  To silence this warning, pass in --commit-dirty=true


Uploading... (246/248)
Uploading... (247/248)
Uploading... (248/248)
✨ Success! Uploaded 2 files (246 already uploaded) (1.35 sec)

✨ Uploading _redirects
🌎 Deploying...
✨ Deployment complete! Take a peek over at https://ca90ffaf.suppler-geo.pages.dev
=== Task 4: Daily report ===
Report: /root/.openclaw/workspace-crm/central/reports/supply_2026-04-25.json
=== Done 2026-04-25 ===
=== SupplyLink Daily Run 2026-04-25 ===
Task file: /root/.openclaw/workspace-crm/central/tasks/supply-daily-task.md
=== Task 1: Generate subclasses ===
  Generating: clothing-dresses (product)
Generated: product/clothing-dresses.html (9 KB)
Output: /root/.openclaw/workspace-crm/notebooklm_seo/output/supply-chain/product/clothing-dresses.html
  Generating: clothing-jackets (product)
Generated: product/clothing-jackets.html (9 KB)
Output: /root/.openclaw/workspace-crm/notebooklm_seo/output/supply-chain/product/clothing-jackets.html
  Generating: clothing-pants (product)
Generated: product/clothing-pants.html (9 KB)
Output: /root/.openclaw/workspace-crm/notebooklm_seo/output/supply-chain/product/clothing-pants.html
  Generating: clothing-activewear (product)
Generated: product/clothing-activewear.html (9 KB)
Output: /root/.openclaw/workspace-crm/notebooklm_seo/output/supply-chain/product/clothing-activewear.html
  Generating: clothing-formal (product)
Generated: product/clothing-formal.html (9 KB)
Output: /root/.openclaw/workspace-crm/notebooklm_seo/output/supply-chain/product/clothing-formal.html
  Generating: smartphones (product)
Generated: product/smartphones.html (9 KB)
Output: /root/.openclaw/workspace-crm/notebooklm_seo/output/supply-chain/product/smartphones.html
  Generating: tablets (product)
Generated: product/tablets.html (9 KB)
Output: /root/.openclaw/workspace-crm/notebooklm_seo/output/supply-chain/product/tablets.html
  Generating: smartwatches (product)
Generated: product/smartwatches.html (9 KB)
Output: /root/.openclaw/workspace-crm/notebooklm_seo/output/supply-chain/product/smartwatches.html
  Generating: cameras (product)
Generated: product/cameras.html (9 KB)
Output: /root/.openclaw/workspace-crm/notebooklm_seo/output/supply-chain/product/cameras.html
Subclass generation complete
=== Task 2: Git push ===
