=== SupplyLink Daily Run 2026-04-16 ===
Task file: /root/.openclaw/workspace-crm/central/tasks/supply-daily-task.md
=== Task 1: Generate subclasses ===
  Generating: clothing-dresses (product)
Generated: product/clothing-dresses.html (9 KB)
Output: /root/.openclaw/workspace-crm/notebooklm_seo/output/supply-chain/product/clothing-dresses.html
  Generating: clothing-jackets (product)
Generated: product/clothing-jackets.html (9 KB)
Output: /root/.openclaw/workspace-crm/notebooklm_seo/output/supply-chain/product/clothing-jackets.html
  Generating: clothing-pants (product)
Generated: product/clothing-pants.html (9 KB)
Output: /root/.openclaw/workspace-crm/notebooklm_seo/output/supply-chain/product/clothing-pants.html
  Generating: clothing-activewear (product)
Generated: product/clothing-activewear.html (9 KB)
Output: /root/.openclaw/workspace-crm/notebooklm_seo/output/supply-chain/product/clothing-activewear.html
  Generating: clothing-formal (product)
Generated: product/clothing-formal.html (9 KB)
Output: /root/.openclaw/workspace-crm/notebooklm_seo/output/supply-chain/product/clothing-formal.html
  Generating: smartphones (product)
Generated: product/smartphones.html (9 KB)
Output: /root/.openclaw/workspace-crm/notebooklm_seo/output/supply-chain/product/smartphones.html
  Generating: tablets (product)
Generated: product/tablets.html (9 KB)
Output: /root/.openclaw/workspace-crm/notebooklm_seo/output/supply-chain/product/tablets.html
  Generating: smartwatches (product)
Generated: product/smartwatches.html (9 KB)
Output: /root/.openclaw/workspace-crm/notebooklm_seo/output/supply-chain/product/smartwatches.html
  Generating: cameras (product)
Generated: product/cameras.html (9 KB)
Output: /root/.openclaw/workspace-crm/notebooklm_seo/output/supply-chain/product/cameras.html
Subclass generation complete
=== Task 2: Git push ===
[main 0aaeefd] Supply: +clothing +electronics subclasses 2026-04-16
 12 files changed, 137 insertions(+), 9 deletions(-)
 create mode 100644 logs/daily-2026-04-16.log
To https://github.com/samwang0420-code/suppler-geo.git
   9696960..0aaeefd  main -> main
Git push: 0aaeefd
=== Task 3: Cloudflare deploy ===

 в›…пёЏ wrangler 4.73.0 (update available 4.83.0)
в”Ђв”Ђв”Ђв”Ђв”Ђв”Ђв”Ђв”Ђв”Ђв”Ђв”Ђв”Ђв”Ђв”Ђв”Ђв”Ђв”Ђв”Ђв”Ђв”Ђв”Ђв”Ђв”Ђв”Ђв”Ђв”Ђв”Ђв”Ђв”Ђв”Ђв”Ђв”Ђв”Ђв”Ђв”Ђв”Ђв”Ђв”Ђв”Ђв”Ђв”Ђв”Ђв”Ђв”Ђв”Ђ
[33mв–І [43;33m[[43;30mWARNING[43;33m][0m [1mPages now has wrangler.toml support.[0m

  We detected a configuration file at /root/.openclaw/workspace-geo-suppler/suppler-geo/wrangler.toml but it is missing the "pages_build_output_dir" field, required by Pages.
  If you would like to use this configuration file to deploy your project, please use "pages_build_output_dir" to specify the directory of static files to upload.
  Ignoring configuration file for now, and proceeding with project deploy.


[33mв–І [43;33m[[43;30mWARNING[43;33m][0m [1mWarning: Your working directory is a git repo and has uncommitted changes[0m

  To silence this warning, pass in --commit-dirty=true


Uploading... (141/153)
Uploading... (145/153)
Uploading... (149/153)
Uploading... (153/153)
вњЁ Success! Uploaded 12 files (141 already uploaded) (1.21 sec)

вњЁ Uploading _redirects
рџЊЋ Deploying...
вњЁ Deployment complete! Take a peek over at https://170eab11.suppler-geo.pages.dev
=== Task 4: Daily report ===
Report: /root/.openclaw/workspace-crm/central/reports/supply_2026-04-16.json
=== Done 2026-04-16 ===
=== SupplyLink Daily Run 2026-04-16 ===
Task file: /root/.openclaw/workspace-crm/central/tasks/supply-daily-task.md
=== Task 1: Generate subclasses ===
  Generating: clothing-dresses (product)
Generated: product/clothing-dresses.html (9 KB)
Output: /root/.openclaw/workspace-crm/notebooklm_seo/output/supply-chain/product/clothing-dresses.html
  Generating: clothing-jackets (product)
Generated: product/clothing-jackets.html (9 KB)
Output: /root/.openclaw/workspace-crm/notebooklm_seo/output/supply-chain/product/clothing-jackets.html
  Generating: clothing-pants (product)
Generated: product/clothing-pants.html (9 KB)
Output: /root/.openclaw/workspace-crm/notebooklm_seo/output/supply-chain/product/clothing-pants.html
  Generating: clothing-activewear (product)
Generated: product/clothing-activewear.html (9 KB)
Output: /root/.openclaw/workspace-crm/notebooklm_seo/output/supply-chain/product/clothing-activewear.html
  Generating: clothing-formal (product)
Generated: product/clothing-formal.html (9 KB)
Output: /root/.openclaw/workspace-crm/notebooklm_seo/output/supply-chain/product/clothing-formal.html
  Generating: smartphones (product)
Generated: product/smartphones.html (9 KB)
Output: /root/.openclaw/workspace-crm/notebooklm_seo/output/supply-chain/product/smartphones.html
  Generating: tablets (product)
Generated: product/tablets.html (9 KB)
Output: /root/.openclaw/workspace-crm/notebooklm_seo/output/supply-chain/product/tablets.html
  Generating: smartwatches (product)
Generated: product/smartwatches.html (9 KB)
Output: /root/.openclaw/workspace-crm/notebooklm_seo/output/supply-chain/product/smartwatches.html
  Generating: cameras (product)
Generated: product/cameras.html (9 KB)
Output: /root/.openclaw/workspace-crm/notebooklm_seo/output/supply-chain/product/cameras.html
Subclass generation complete
=== Task 2: Git push ===
[main 74f0182] Supply: +clothing +electronics subclasses 2026-04-16
 2 files changed, 132 insertions(+)
To https://github.com/samwang0420-code/suppler-geo.git
   0aaeefd..74f0182  main -> main
Git push: 74f0182
=== Task 3: Cloudflare deploy ===

 в›…пёЏ wrangler 4.73.0 (update available 4.83.0)
в”Ђв”Ђв”Ђв”Ђв”Ђв”Ђв”Ђв”Ђв”Ђв”Ђв”Ђв”Ђв”Ђв”Ђв”Ђв”Ђв”Ђв”Ђв”Ђв”Ђв”Ђв”Ђв”Ђв”Ђв”Ђв”Ђв”Ђв”Ђв”Ђв”Ђв”Ђв”Ђв”Ђв”Ђв”Ђв”Ђв”Ђв”Ђв”Ђв”Ђв”Ђв”Ђв”Ђв”Ђв”Ђ
[33mв–І [43;33m[[43;30mWARNING[43;33m][0m [1mPages now has wrangler.toml support.[0m

  We detected a configuration file at /root/.openclaw/workspace-geo-suppler/suppler-geo/wrangler.toml but it is missing the "pages_build_output_dir" field, required by Pages.
  If you would like to use this configuration file to deploy your project, please use "pages_build_output_dir" to specify the directory of static files to upload.
  Ignoring configuration file for now, and proceeding with project deploy.


[33mв–І [43;33m[[43;30mWARNING[43;33m][0m [1mWarning: Your working directory is a git repo and has uncommitted changes[0m

  To silence this warning, pass in --commit-dirty=true


Uploading... (151/153)
Uploading... (152/153)
Uploading... (153/153)
вњЁ Success! Uploaded 2 files (151 already uploaded) (1.15 sec)

вњЁ Uploading _redirects
рџЊЋ Deploying...
вњЁ Deployment complete! Take a peek over at https://a9da42bf.suppler-geo.pages.dev
=== Task 4: Daily report ===
Report: /root/.openclaw/workspace-crm/central/reports/supply_2026-04-16.json
=== Done 2026-04-16 ===
=== SupplyLink Daily Run 2026-04-16 ===
Task file: /root/.openclaw/workspace-crm/central/tasks/supply-daily-task.md
=== Task 1: Generate subclasses ===
  Generating: clothing-dresses (product)
Generated: product/clothing-dresses.html (9 KB)
Output: /root/.openclaw/workspace-crm/notebooklm_seo/output/supply-chain/product/clothing-dresses.html
  Generating: clothing-jackets (product)
Generated: product/clothing-jackets.html (9 KB)
Output: /root/.openclaw/workspace-crm/notebooklm_seo/output/supply-chain/product/clothing-jackets.html
  Generating: clothing-pants (product)
Generated: product/clothing-pants.html (9 KB)
Output: /root/.openclaw/workspace-crm/notebooklm_seo/output/supply-chain/product/clothing-pants.html
  Generating: clothing-activewear (product)
Generated: product/clothing-activewear.html (9 KB)
Output: /root/.openclaw/workspace-crm/notebooklm_seo/output/supply-chain/product/clothing-activewear.html
  Generating: clothing-formal (product)
Generated: product/clothing-formal.html (9 KB)
Output: /root/.openclaw/workspace-crm/notebooklm_seo/output/supply-chain/product/clothing-formal.html
  Generating: smartphones (product)
Generated: product/smartphones.html (9 KB)
Output: /root/.openclaw/workspace-crm/notebooklm_seo/output/supply-chain/product/smartphones.html
  Generating: tablets (product)
Generated: product/tablets.html (9 KB)
Output: /root/.openclaw/workspace-crm/notebooklm_seo/output/supply-chain/product/tablets.html
  Generating: smartwatches (product)
Generated: product/smartwatches.html (9 KB)
Output: /root/.openclaw/workspace-crm/notebooklm_seo/output/supply-chain/product/smartwatches.html
  Generating: cameras (product)
Generated: product/cameras.html (9 KB)
Output: /root/.openclaw/workspace-crm/notebooklm_seo/output/supply-chain/product/cameras.html
Subclass generation complete
=== Task 2: Git push ===
[main f604cec] Supply: +clothing +electronics subclasses 2026-04-16
 10 files changed, 136 insertions(+), 8 deletions(-)
To https://github.com/samwang0420-code/suppler-geo.git
   74f0182..f604cec  main -> main
Git push: f604cec
=== Task 3: Cloudflare deploy ===

 в›…пёЏ wrangler 4.73.0 (update available 4.83.0)
в”Ђв”Ђв”Ђв”Ђв”Ђв”Ђв”Ђв”Ђв”Ђв”Ђв”Ђв”Ђв”Ђв”Ђв”Ђв”Ђв”Ђв”Ђв”Ђв”Ђв”Ђв”Ђв”Ђв”Ђв”Ђв”Ђв”Ђв”Ђв”Ђв”Ђв”Ђв”Ђв”Ђв”Ђв”Ђв”Ђв”Ђв”Ђв”Ђв”Ђв”Ђв”Ђв”Ђв”Ђв”Ђ
[33mв–І [43;33m[[43;30mWARNING[43;33m][0m [1mPages now has wrangler.toml support.[0m

  We detected a configuration file at /root/.openclaw/workspace-geo-suppler/suppler-geo/wrangler.toml but it is missing the "pages_build_output_dir" field, required by Pages.
  If you would like to use this configuration file to deploy your project, please use "pages_build_output_dir" to specify the directory of static files to upload.
  Ignoring configuration file for now, and proceeding with project deploy.


[33mв–І [43;33m[[43;30mWARNING[43;33m][0m [1mWarning: Your working directory is a git repo and has uncommitted changes[0m

  To silence this warning, pass in --commit-dirty=true


Uploading... (143/153)
Uploading... (146/153)
Uploading... (150/153)
Uploading... (153/153)
вњЁ Success! Uploaded 10 files (143 already uploaded) (1.48 sec)

вњЁ Uploading _redirects
рџЊЋ Deploying...
вњЁ Deployment complete! Take a peek over at https://a210076f.suppler-geo.pages.dev
=== Task 4: Daily report ===
Report: /root/.openclaw/workspace-crm/central/reports/supply_2026-04-16.json
=== Done 2026-04-16 ===
=== SupplyLink Daily Run 2026-04-16 ===
Task file: /root/.openclaw/workspace-crm/central/tasks/supply-daily-task.md
=== Task 1: Generate subclasses ===
  Generating: clothing-dresses (product)
Generated: product/clothing-dresses.html (9 KB)
Output: /root/.openclaw/workspace-crm/notebooklm_seo/output/supply-chain/product/clothing-dresses.html
  Generating: clothing-jackets (product)
Generated: product/clothing-jackets.html (9 KB)
Output: /root/.openclaw/workspace-crm/notebooklm_seo/output/supply-chain/product/clothing-jackets.html
  Generating: clothing-pants (product)
Generated: product/clothing-pants.html (9 KB)
Output: /root/.openclaw/workspace-crm/notebooklm_seo/output/supply-chain/product/clothing-pants.html
  Generating: clothing-activewear (product)
Generated: product/clothing-activewear.html (9 KB)
Output: /root/.openclaw/workspace-crm/notebooklm_seo/output/supply-chain/product/clothing-activewear.html
  Generating: clothing-formal (product)
Generated: product/clothing-formal.html (9 KB)
Output: /root/.openclaw/workspace-crm/notebooklm_seo/output/supply-chain/product/clothing-formal.html
  Generating: smartphones (product)
Generated: product/smartphones.html (9 KB)
Output: /root/.openclaw/workspace-crm/notebooklm_seo/output/supply-chain/product/smartphones.html
  Generating: tablets (product)
Generated: product/tablets.html (9 KB)
Output: /root/.openclaw/workspace-crm/notebooklm_seo/output/supply-chain/product/tablets.html
  Generating: smartwatches (product)
Generated: product/smartwatches.html (9 KB)
Output: /root/.openclaw/workspace-crm/notebooklm_seo/output/supply-chain/product/smartwatches.html
  Generating: cameras (product)
Generated: product/cameras.html (9 KB)
Output: /root/.openclaw/workspace-crm/notebooklm_seo/output/supply-chain/product/cameras.html
Subclass generation complete
=== Task 2: Git push ===
[main 3963eff] Supply: +clothing +electronics subclasses 2026-04-16
 2 files changed, 130 insertions(+)
To https://github.com/samwang0420-code/suppler-geo.git
   f604cec..3963eff  main -> main
Git push: 3963eff
=== Task 3: Cloudflare deploy ===

 в›…пёЏ wrangler 4.73.0 (update available 4.83.0)
в”Ђв”Ђв”Ђв”Ђв”Ђв”Ђв”Ђв”Ђв”Ђв”Ђв”Ђв”Ђв”Ђв”Ђв”Ђв”Ђв”Ђв”Ђв”Ђв”Ђв”Ђв”Ђв”Ђв”Ђв”Ђв”Ђв”Ђв”Ђв”Ђв”Ђв”Ђв”Ђв”Ђв”Ђв”Ђв”Ђв”Ђв”Ђв”Ђв”Ђв”Ђв”Ђв”Ђв”Ђв”Ђ
[33mв–І [43;33m[[43;30mWARNING[43;33m][0m [1mPages now has wrangler.toml support.[0m

  We detected a configuration file at /root/.openclaw/workspace-geo-suppler/suppler-geo/wrangler.toml but it is missing the "pages_build_output_dir" field, required by Pages.
  If you would like to use this configuration file to deploy your project, please use "pages_build_output_dir" to specify the directory of static files to upload.
  Ignoring configuration file for now, and proceeding with project deploy.


[33mв–І [43;33m[[43;30mWARNING[43;33m][0m [1mWarning: Your working directory is a git repo and has uncommitted changes[0m

  To silence this warning, pass in --commit-dirty=true


Uploading... (151/153)
Uploading... (152/153)
Uploading... (153/153)
вњЁ Success! Uploaded 2 files (151 already uploaded) (1.23 sec)

вњЁ Uploading _redirects
рџЊЋ Deploying...
вњЁ Deployment complete! Take a peek over at https://65ff2820.suppler-geo.pages.dev
=== Task 4: Daily report ===
Report: /root/.openclaw/workspace-crm/central/reports/supply_2026-04-16.json
=== Done 2026-04-16 ===
