=== SupplyLink Daily Run 2026-04-14 ===
Task file: /root/.openclaw/workspace-crm/central/tasks/supply-daily-task.md
=== Task 1: Generate subclasses ===
  Generating: clothing-dresses (product)
Generated: product/clothing-dresses.html (9 KB)
Output: /root/.openclaw/workspace-crm/notebooklm_seo/output/supply-chain/product/clothing-dresses.html
  Generating: clothing-jackets (product)
Generated: product/clothing-jackets.html (9 KB)
Output: /root/.openclaw/workspace-crm/notebooklm_seo/output/supply-chain/product/clothing-jackets.html
  Generating: clothing-pants (product)
Generated: product/clothing-pants.html (9 KB)
Output: /root/.openclaw/workspace-crm/notebooklm_seo/output/supply-chain/product/clothing-pants.html
  Generating: clothing-activewear (product)
Generated: product/clothing-activewear.html (9 KB)
Output: /root/.openclaw/workspace-crm/notebooklm_seo/output/supply-chain/product/clothing-activewear.html
  Generating: clothing-formal (product)
Generated: product/clothing-formal.html (9 KB)
Output: /root/.openclaw/workspace-crm/notebooklm_seo/output/supply-chain/product/clothing-formal.html
  Generating: smartphones (product)
Generated: product/smartphones.html (9 KB)
Output: /root/.openclaw/workspace-crm/notebooklm_seo/output/supply-chain/product/smartphones.html
  Generating: tablets (product)
Generated: product/tablets.html (9 KB)
Output: /root/.openclaw/workspace-crm/notebooklm_seo/output/supply-chain/product/tablets.html
  Generating: smartwatches (product)
Generated: product/smartwatches.html (9 KB)
Output: /root/.openclaw/workspace-crm/notebooklm_seo/output/supply-chain/product/smartwatches.html
  Generating: cameras (product)
Generated: product/cameras.html (9 KB)
Output: /root/.openclaw/workspace-crm/notebooklm_seo/output/supply-chain/product/cameras.html
Subclass generation complete
=== Task 2: Git push ===
[main 436f9a3] Supply: +clothing +electronics subclasses 2026-04-14
 12 files changed, 137 insertions(+), 9 deletions(-)
 create mode 100644 logs/daily-2026-04-14.log
To https://github.com/samwang0420-code/suppler-geo.git
   e362973..436f9a3  main -> main
Git push: 436f9a3
=== Task 3: Cloudflare deploy ===

 в›…пёЏ wrangler 4.73.0 (update available 4.82.2)
в”Ђв”Ђв”Ђв”Ђв”Ђв”Ђв”Ђв”Ђв”Ђв”Ђв”Ђв”Ђв”Ђв”Ђв”Ђв”Ђв”Ђв”Ђв”Ђв”Ђв”Ђв”Ђв”Ђв”Ђв”Ђв”Ђв”Ђв”Ђв”Ђв”Ђв”Ђв”Ђв”Ђв”Ђв”Ђв”Ђв”Ђв”Ђв”Ђв”Ђв”Ђв”Ђв”Ђв”Ђв”Ђ
[33mв–І [43;33m[[43;30mWARNING[43;33m][0m [1mPages now has wrangler.toml support.[0m

  We detected a configuration file at /root/.openclaw/workspace-geo-suppler/suppler-geo/wrangler.toml but it is missing the "pages_build_output_dir" field, required by Pages.
  If you would like to use this configuration file to deploy your project, please use "pages_build_output_dir" to specify the directory of static files to upload.
  Ignoring configuration file for now, and proceeding with project deploy.


[33mв–І [43;33m[[43;30mWARNING[43;33m][0m [1mWarning: Your working directory is a git repo and has uncommitted changes[0m

  To silence this warning, pass in --commit-dirty=true


Uploading... (139/151)
Uploading... (143/151)
Uploading... (147/151)
Uploading... (151/151)
вњЁ Success! Uploaded 12 files (139 already uploaded) (1.14 sec)

вњЁ Uploading _redirects
рџЊЋ Deploying...
вњЁ Deployment complete! Take a peek over at https://62237b53.suppler-geo.pages.dev
=== Task 4: Daily report ===
Report: /root/.openclaw/workspace-crm/central/reports/supply_2026-04-14.json
=== Done 2026-04-14 ===
=== SupplyLink Daily Run 2026-04-14 ===
Task file: /root/.openclaw/workspace-crm/central/tasks/supply-daily-task.md
=== Task 1: Generate subclasses ===
  Generating: clothing-dresses (product)
Generated: product/clothing-dresses.html (9 KB)
Output: /root/.openclaw/workspace-crm/notebooklm_seo/output/supply-chain/product/clothing-dresses.html
  Generating: clothing-jackets (product)
Generated: product/clothing-jackets.html (9 KB)
Output: /root/.openclaw/workspace-crm/notebooklm_seo/output/supply-chain/product/clothing-jackets.html
  Generating: clothing-pants (product)
Generated: product/clothing-pants.html (9 KB)
Output: /root/.openclaw/workspace-crm/notebooklm_seo/output/supply-chain/product/clothing-pants.html
  Generating: clothing-activewear (product)
Generated: product/clothing-activewear.html (9 KB)
Output: /root/.openclaw/workspace-crm/notebooklm_seo/output/supply-chain/product/clothing-activewear.html
  Generating: clothing-formal (product)
Generated: product/clothing-formal.html (9 KB)
Output: /root/.openclaw/workspace-crm/notebooklm_seo/output/supply-chain/product/clothing-formal.html
  Generating: smartphones (product)
Generated: product/smartphones.html (9 KB)
Output: /root/.openclaw/workspace-crm/notebooklm_seo/output/supply-chain/product/smartphones.html
  Generating: tablets (product)
Generated: product/tablets.html (9 KB)
Output: /root/.openclaw/workspace-crm/notebooklm_seo/output/supply-chain/product/tablets.html
  Generating: smartwatches (product)
Generated: product/smartwatches.html (9 KB)
Output: /root/.openclaw/workspace-crm/notebooklm_seo/output/supply-chain/product/smartwatches.html
  Generating: cameras (product)
Generated: product/cameras.html (9 KB)
Output: /root/.openclaw/workspace-crm/notebooklm_seo/output/supply-chain/product/cameras.html
Subclass generation complete
=== Task 2: Git push ===
[main 1941282] Supply: +clothing +electronics subclasses 2026-04-14
 2 files changed, 132 insertions(+)
To https://github.com/samwang0420-code/suppler-geo.git
   436f9a3..1941282  main -> main
Git push: 1941282
=== Task 3: Cloudflare deploy ===

 в›…пёЏ wrangler 4.73.0 (update available 4.82.2)
в”Ђв”Ђв”Ђв”Ђв”Ђв”Ђв”Ђв”Ђв”Ђв”Ђв”Ђв”Ђв”Ђв”Ђв”Ђв”Ђв”Ђв”Ђв”Ђв”Ђв”Ђв”Ђв”Ђв”Ђв”Ђв”Ђв”Ђв”Ђв”Ђв”Ђв”Ђв”Ђв”Ђв”Ђв”Ђв”Ђв”Ђв”Ђв”Ђв”Ђв”Ђв”Ђв”Ђв”Ђв”Ђ
[33mв–І [43;33m[[43;30mWARNING[43;33m][0m [1mPages now has wrangler.toml support.[0m

  We detected a configuration file at /root/.openclaw/workspace-geo-suppler/suppler-geo/wrangler.toml but it is missing the "pages_build_output_dir" field, required by Pages.
  If you would like to use this configuration file to deploy your project, please use "pages_build_output_dir" to specify the directory of static files to upload.
  Ignoring configuration file for now, and proceeding with project deploy.


[33mв–І [43;33m[[43;30mWARNING[43;33m][0m [1mWarning: Your working directory is a git repo and has uncommitted changes[0m

  To silence this warning, pass in --commit-dirty=true


Uploading... (149/151)
Uploading... (150/151)
Uploading... (151/151)
вњЁ Success! Uploaded 2 files (149 already uploaded) (1.10 sec)

вњЁ Uploading _redirects
рџЊЋ Deploying...
вњЁ Deployment complete! Take a peek over at https://7fa0a32c.suppler-geo.pages.dev
=== Task 4: Daily report ===
Report: /root/.openclaw/workspace-crm/central/reports/supply_2026-04-14.json
=== Done 2026-04-14 ===
=== SupplyLink Daily Run 2026-04-14 ===
Task file: /root/.openclaw/workspace-crm/central/tasks/supply-daily-task.md
=== Task 1: Generate subclasses ===
  Generating: clothing-dresses (product)
Generated: product/clothing-dresses.html (9 KB)
Output: /root/.openclaw/workspace-crm/notebooklm_seo/output/supply-chain/product/clothing-dresses.html
  Generating: clothing-jackets (product)
Generated: product/clothing-jackets.html (9 KB)
Output: /root/.openclaw/workspace-crm/notebooklm_seo/output/supply-chain/product/clothing-jackets.html
  Generating: clothing-pants (product)
Generated: product/clothing-pants.html (9 KB)
Output: /root/.openclaw/workspace-crm/notebooklm_seo/output/supply-chain/product/clothing-pants.html
  Generating: clothing-activewear (product)
Generated: product/clothing-activewear.html (9 KB)
Output: /root/.openclaw/workspace-crm/notebooklm_seo/output/supply-chain/product/clothing-activewear.html
  Generating: clothing-formal (product)
Generated: product/clothing-formal.html (9 KB)
Output: /root/.openclaw/workspace-crm/notebooklm_seo/output/supply-chain/product/clothing-formal.html
  Generating: smartphones (product)
Generated: product/smartphones.html (9 KB)
Output: /root/.openclaw/workspace-crm/notebooklm_seo/output/supply-chain/product/smartphones.html
  Generating: tablets (product)
Generated: product/tablets.html (9 KB)
Output: /root/.openclaw/workspace-crm/notebooklm_seo/output/supply-chain/product/tablets.html
  Generating: smartwatches (product)
Generated: product/smartwatches.html (9 KB)
Output: /root/.openclaw/workspace-crm/notebooklm_seo/output/supply-chain/product/smartwatches.html
  Generating: cameras (product)
Generated: product/cameras.html (9 KB)
Output: /root/.openclaw/workspace-crm/notebooklm_seo/output/supply-chain/product/cameras.html
Subclass generation complete
=== Task 2: Git push ===
[main 85dfdf3] Supply: +clothing +electronics subclasses 2026-04-14
 10 files changed, 136 insertions(+), 8 deletions(-)
To https://github.com/samwang0420-code/suppler-geo.git
   1941282..85dfdf3  main -> main
Git push: 85dfdf3
=== Task 3: Cloudflare deploy ===

 в›…пёЏ wrangler 4.73.0 (update available 4.82.2)
в”Ђв”Ђв”Ђв”Ђв”Ђв”Ђв”Ђв”Ђв”Ђв”Ђв”Ђв”Ђв”Ђв”Ђв”Ђв”Ђв”Ђв”Ђв”Ђв”Ђв”Ђв”Ђв”Ђв”Ђв”Ђв”Ђв”Ђв”Ђв”Ђв”Ђв”Ђв”Ђв”Ђв”Ђв”Ђв”Ђв”Ђв”Ђв”Ђв”Ђв”Ђв”Ђв”Ђв”Ђв”Ђ
[33mв–І [43;33m[[43;30mWARNING[43;33m][0m [1mPages now has wrangler.toml support.[0m

  We detected a configuration file at /root/.openclaw/workspace-geo-suppler/suppler-geo/wrangler.toml but it is missing the "pages_build_output_dir" field, required by Pages.
  If you would like to use this configuration file to deploy your project, please use "pages_build_output_dir" to specify the directory of static files to upload.
  Ignoring configuration file for now, and proceeding with project deploy.


[33mв–І [43;33m[[43;30mWARNING[43;33m][0m [1mWarning: Your working directory is a git repo and has uncommitted changes[0m

  To silence this warning, pass in --commit-dirty=true


Uploading... (141/151)
Uploading... (144/151)
Uploading... (147/151)
Uploading... (151/151)
вњЁ Success! Uploaded 10 files (141 already uploaded) (0.94 sec)

вњЁ Uploading _redirects
рџЊЋ Deploying...
вњЁ Deployment complete! Take a peek over at https://2f63a25a.suppler-geo.pages.dev
=== Task 4: Daily report ===
Report: /root/.openclaw/workspace-crm/central/reports/supply_2026-04-14.json
=== Done 2026-04-14 ===
=== SupplyLink Daily Run 2026-04-14 ===
Task file: /root/.openclaw/workspace-crm/central/tasks/supply-daily-task.md
=== Task 1: Generate subclasses ===
  Generating: clothing-dresses (product)
Generated: product/clothing-dresses.html (9 KB)
Output: /root/.openclaw/workspace-crm/notebooklm_seo/output/supply-chain/product/clothing-dresses.html
  Generating: clothing-jackets (product)
Generated: product/clothing-jackets.html (9 KB)
Output: /root/.openclaw/workspace-crm/notebooklm_seo/output/supply-chain/product/clothing-jackets.html
  Generating: clothing-pants (product)
Generated: product/clothing-pants.html (9 KB)
Output: /root/.openclaw/workspace-crm/notebooklm_seo/output/supply-chain/product/clothing-pants.html
  Generating: clothing-activewear (product)
Generated: product/clothing-activewear.html (9 KB)
Output: /root/.openclaw/workspace-crm/notebooklm_seo/output/supply-chain/product/clothing-activewear.html
  Generating: clothing-formal (product)
Generated: product/clothing-formal.html (9 KB)
Output: /root/.openclaw/workspace-crm/notebooklm_seo/output/supply-chain/product/clothing-formal.html
  Generating: smartphones (product)
Generated: product/smartphones.html (9 KB)
Output: /root/.openclaw/workspace-crm/notebooklm_seo/output/supply-chain/product/smartphones.html
  Generating: tablets (product)
Generated: product/tablets.html (9 KB)
Output: /root/.openclaw/workspace-crm/notebooklm_seo/output/supply-chain/product/tablets.html
  Generating: smartwatches (product)
Generated: product/smartwatches.html (9 KB)
Output: /root/.openclaw/workspace-crm/notebooklm_seo/output/supply-chain/product/smartwatches.html
  Generating: cameras (product)
Generated: product/cameras.html (9 KB)
Output: /root/.openclaw/workspace-crm/notebooklm_seo/output/supply-chain/product/cameras.html
Subclass generation complete
=== Task 2: Git push ===
[main 6b66011] Supply: +clothing +electronics subclasses 2026-04-14
 2 files changed, 130 insertions(+)
To https://github.com/samwang0420-code/suppler-geo.git
   85dfdf3..6b66011  main -> main
Git push: 6b66011
=== Task 3: Cloudflare deploy ===

 в›…пёЏ wrangler 4.73.0 (update available 4.82.2)
в”Ђв”Ђв”Ђв”Ђв”Ђв”Ђв”Ђв”Ђв”Ђв”Ђв”Ђв”Ђв”Ђв”Ђв”Ђв”Ђв”Ђв”Ђв”Ђв”Ђв”Ђв”Ђв”Ђв”Ђв”Ђв”Ђв”Ђв”Ђв”Ђв”Ђв”Ђв”Ђв”Ђв”Ђв”Ђв”Ђв”Ђв”Ђв”Ђв”Ђв”Ђв”Ђв”Ђв”Ђв”Ђ
[33mв–І [43;33m[[43;30mWARNING[43;33m][0m [1mPages now has wrangler.toml support.[0m

  We detected a configuration file at /root/.openclaw/workspace-geo-suppler/suppler-geo/wrangler.toml but it is missing the "pages_build_output_dir" field, required by Pages.
  If you would like to use this configuration file to deploy your project, please use "pages_build_output_dir" to specify the directory of static files to upload.
  Ignoring configuration file for now, and proceeding with project deploy.


[33mв–І [43;33m[[43;30mWARNING[43;33m][0m [1mWarning: Your working directory is a git repo and has uncommitted changes[0m

  To silence this warning, pass in --commit-dirty=true


Uploading... (149/151)
Uploading... (150/151)
Uploading... (151/151)
вњЁ Success! Uploaded 2 files (149 already uploaded) (1.39 sec)

вњЁ Uploading _redirects
рџЊЋ Deploying...
вњЁ Deployment complete! Take a peek over at https://3ceacaf3.suppler-geo.pages.dev
=== Task 4: Daily report ===
Report: /root/.openclaw/workspace-crm/central/reports/supply_2026-04-14.json
=== Done 2026-04-14 ===
