=== SupplyLink Daily Run 2026-04-11 ===
1. Content check...
2. Page generation...
=== SupplyLink Daily Run 2026-04-11 ===
Task file: /root/.openclaw/workspace-crm/central/tasks/supply-daily-task.md
=== Task 1: Generate subclasses ===
  Generating: clothing-dresses (product)
Generated: product/clothing-dresses.html (9 KB)
Output: /root/.openclaw/workspace-crm/notebooklm_seo/output/supply-chain/product/clothing-dresses.html
  Generating: clothing-jackets (product)
Generated: product/clothing-jackets.html (9 KB)
Output: /root/.openclaw/workspace-crm/notebooklm_seo/output/supply-chain/product/clothing-jackets.html
  Generating: clothing-pants (product)
Generated: product/clothing-pants.html (9 KB)
Output: /root/.openclaw/workspace-crm/notebooklm_seo/output/supply-chain/product/clothing-pants.html
  Generating: clothing-activewear (product)
Generated: product/clothing-activewear.html (9 KB)
Output: /root/.openclaw/workspace-crm/notebooklm_seo/output/supply-chain/product/clothing-activewear.html
  Generating: clothing-formal (product)
Generated: product/clothing-formal.html (9 KB)
Output: /root/.openclaw/workspace-crm/notebooklm_seo/output/supply-chain/product/clothing-formal.html
  Generating: smartphones (product)
3. Git push: ac9f135
Generated: product/smartphones.html (9 KB)
Output: /root/.openclaw/workspace-crm/notebooklm_seo/output/supply-chain/product/smartphones.html
  Generating: tablets (product)
Generated: product/tablets.html (9 KB)
Output: /root/.openclaw/workspace-crm/notebooklm_seo/output/supply-chain/product/tablets.html
  Generating: smartwatches (product)
Generated: product/smartwatches.html (9 KB)
Output: /root/.openclaw/workspace-crm/notebooklm_seo/output/supply-chain/product/smartwatches.html
  Generating: cameras (product)
Generated: product/cameras.html (9 KB)
Output: /root/.openclaw/workspace-crm/notebooklm_seo/output/supply-chain/product/cameras.html
Subclass generation complete
=== Task 2: Git push ===
[main 02c288a] Supply: +clothing +electronics subclasses 2026-04-11
 45 files changed, 1839 insertions(+)
 create mode 100644 activewear.html
 create mode 100644 activewear_manifest.json
 create mode 100644 bags_manifest.json
 create mode 100644 beauty-products_manifest.json
 create mode 100644 cameras.html
 create mode 100644 cameras_manifest.json
 create mode 100644 childrens-clothing_manifest.json
 create mode 100644 clothing-activewear.html
 create mode 100644 clothing-activewear_manifest.json
 create mode 100644 clothing-dresses.html
 create mode 100644 clothing-dresses_manifest.json
 create mode 100644 clothing-formal.html
 create mode 100644 clothing-formal_manifest.json
 create mode 100644 clothing-jackets.html
 create mode 100644 clothing-jackets_manifest.json
 create mode 100644 clothing-pants.html
 create mode 100644 clothing-pants_manifest.json
 create mode 100644 clothing_manifest.json
 create mode 100644 dresses.html
 create mode 100644 dresses_manifest.json
 create mode 100644 electronics_manifest.json
 create mode 100644 fitness-equipment_manifest.json
 create mode 100644 formal-wear.html
 create mode 100644 formal-wear_manifest.json
 create mode 100644 jackets.html
 create mode 100644 jackets_manifest.json
 create mode 100644 mens-clothing_manifest.json
 create mode 100644 pants.html
 create mode 100644 pants_manifest.json
 create mode 100644 shoes_manifest.json
 create mode 100644 smartphones.html
 create mode 100644 smartphones_manifest.json
 create mode 100644 smartwatches.html
 create mode 100644 smartwatches_manifest.json
 create mode 100644 sports_manifest.json
 create mode 100644 sportswear_manifest.json
 create mode 100644 swimwear_manifest.json
 create mode 100644 tablets.html
 create mode 100644 tablets_manifest.json
 create mode 100644 toys_manifest.json
 create mode 100644 underwear_manifest.json
 create mode 100644 womens-clothing_manifest.json
 create mode 100644 yoga-mats_manifest.json
To https://github.com/samwang0420-code/suppler-geo.git
   ac9f135..02c288a  main -> main
Git push: 02c288a
=== Task 3: Cloudflare deploy ===

 ⛅️ wrangler 4.73.0 (update available 4.81.1)
─────────────────────────────────────────────
[33m▲ [43;33m[[43;30mWARNING[43;33m][0m [1mPages now has wrangler.toml support.[0m

  We detected a configuration file at /root/.openclaw/workspace-geo-suppler/suppler-geo/wrangler.toml but it is missing the "pages_build_output_dir" field, required by Pages.
  If you would like to use this configuration file to deploy your project, please use "pages_build_output_dir" to specify the directory of static files to upload.
  Ignoring configuration file for now, and proceeding with project deploy.


[33m▲ [43;33m[[43;30mWARNING[43;33m][0m [1mWarning: Your working directory is a git repo and has uncommitted changes[0m

  To silence this warning, pass in --commit-dirty=true


Uploading... (101/148)
Uploading... (117/148)
Uploading... (132/148)
Uploading... (148/148)
✨ Success! Uploaded 47 files (101 already uploaded) (1.40 sec)

✨ Uploading _redirects
🌎 Deploying...
4. Cloudflare deploy done
5. Report saved
=== Done 2026-04-11 ===
✨ Deployment complete! Take a peek over at https://3a8e04ab.suppler-geo.pages.dev
=== Task 4: Daily report ===
Report: /root/.openclaw/workspace-crm/central/reports/supply_2026-04-11.json
=== Done 2026-04-11 ===
=== SupplyLink Daily Run 2026-04-11 ===
Task file: /root/.openclaw/workspace-crm/central/tasks/supply-daily-task.md
=== Task 1: Generate subclasses ===
  Generating: clothing-dresses (product)
Generated: product/clothing-dresses.html (9 KB)
Output: /root/.openclaw/workspace-crm/notebooklm_seo/output/supply-chain/product/clothing-dresses.html
  Generating: clothing-jackets (product)
Generated: product/clothing-jackets.html (9 KB)
Output: /root/.openclaw/workspace-crm/notebooklm_seo/output/supply-chain/product/clothing-jackets.html
  Generating: clothing-pants (product)
Generated: product/clothing-pants.html (9 KB)
Output: /root/.openclaw/workspace-crm/notebooklm_seo/output/supply-chain/product/clothing-pants.html
  Generating: clothing-activewear (product)
Generated: product/clothing-activewear.html (9 KB)
Output: /root/.openclaw/workspace-crm/notebooklm_seo/output/supply-chain/product/clothing-activewear.html
  Generating: clothing-formal (product)
Generated: product/clothing-formal.html (9 KB)
Output: /root/.openclaw/workspace-crm/notebooklm_seo/output/supply-chain/product/clothing-formal.html
  Generating: smartphones (product)
Generated: product/smartphones.html (9 KB)
Output: /root/.openclaw/workspace-crm/notebooklm_seo/output/supply-chain/product/smartphones.html
  Generating: tablets (product)
Generated: product/tablets.html (9 KB)
Output: /root/.openclaw/workspace-crm/notebooklm_seo/output/supply-chain/product/tablets.html
  Generating: smartwatches (product)
Generated: product/smartwatches.html (9 KB)
Output: /root/.openclaw/workspace-crm/notebooklm_seo/output/supply-chain/product/smartwatches.html
  Generating: cameras (product)
Generated: product/cameras.html (9 KB)
Output: /root/.openclaw/workspace-crm/notebooklm_seo/output/supply-chain/product/cameras.html
Subclass generation complete
=== Task 2: Git push ===
