=== SupplyLink Daily Run 2026-04-23 ===
Task file: /root/.openclaw/workspace-crm/central/tasks/supply-daily-task.md
=== Task 1: Generate subclasses ===
  Generating: clothing-dresses (product)
Generated: product/clothing-dresses.html (9 KB)
Output: /root/.openclaw/workspace-crm/notebooklm_seo/output/supply-chain/product/clothing-dresses.html
  Generating: clothing-jackets (product)
Generated: product/clothing-jackets.html (9 KB)
Output: /root/.openclaw/workspace-crm/notebooklm_seo/output/supply-chain/product/clothing-jackets.html
  Generating: clothing-pants (product)
Generated: product/clothing-pants.html (9 KB)
Output: /root/.openclaw/workspace-crm/notebooklm_seo/output/supply-chain/product/clothing-pants.html
  Generating: clothing-activewear (product)
Generated: product/clothing-activewear.html (9 KB)
Output: /root/.openclaw/workspace-crm/notebooklm_seo/output/supply-chain/product/clothing-activewear.html
  Generating: clothing-formal (product)
Generated: product/clothing-formal.html (9 KB)
Output: /root/.openclaw/workspace-crm/notebooklm_seo/output/supply-chain/product/clothing-formal.html
  Generating: smartphones (product)
Generated: product/smartphones.html (9 KB)
Output: /root/.openclaw/workspace-crm/notebooklm_seo/output/supply-chain/product/smartphones.html
  Generating: tablets (product)
Generated: product/tablets.html (9 KB)
Output: /root/.openclaw/workspace-crm/notebooklm_seo/output/supply-chain/product/tablets.html
  Generating: smartwatches (product)
Generated: product/smartwatches.html (9 KB)
Output: /root/.openclaw/workspace-crm/notebooklm_seo/output/supply-chain/product/smartwatches.html
  Generating: cameras (product)
Generated: product/cameras.html (9 KB)
Output: /root/.openclaw/workspace-crm/notebooklm_seo/output/supply-chain/product/cameras.html
Subclass generation complete
=== Task 2: Git push ===
[main cf80952] Supply: +clothing +electronics subclasses 2026-04-23
 12 files changed, 137 insertions(+), 9 deletions(-)
 create mode 100644 logs/daily-2026-04-23.log
To https://github.com/samwang0420-code/suppler-geo.git
   5253f9b..cf80952  main -> main
Git push: cf80952
=== Task 3: Cloudflare deploy ===

 в›…пёЏ wrangler 4.73.0 (update available 4.84.1)
в”Ђв”Ђв”Ђв”Ђв”Ђв”Ђв”Ђв”Ђв”Ђв”Ђв”Ђв”Ђв”Ђв”Ђв”Ђв”Ђв”Ђв”Ђв”Ђв”Ђв”Ђв”Ђв”Ђв”Ђв”Ђв”Ђв”Ђв”Ђв”Ђв”Ђв”Ђв”Ђв”Ђв”Ђв”Ђв”Ђв”Ђв”Ђв”Ђв”Ђв”Ђв”Ђв”Ђв”Ђв”Ђ
[33mв–І [43;33m[[43;30mWARNING[43;33m][0m [1mPages now has wrangler.toml support.[0m

  We detected a configuration file at /root/.openclaw/workspace-geo-suppler/suppler-geo/wrangler.toml but it is missing the "pages_build_output_dir" field, required by Pages.
  If you would like to use this configuration file to deploy your project, please use "pages_build_output_dir" to specify the directory of static files to upload.
  Ignoring configuration file for now, and proceeding with project deploy.


[33mв–І [43;33m[[43;30mWARNING[43;33m][0m [1mWarning: Your working directory is a git repo and has uncommitted changes[0m

  To silence this warning, pass in --commit-dirty=true


Uploading... (148/160)
Uploading... (152/160)
Uploading... (156/160)
Uploading... (160/160)
вњЁ Success! Uploaded 12 files (148 already uploaded) (1.23 sec)

вњЁ Uploading _redirects
рџЊЋ Deploying...
вњЁ Deployment complete! Take a peek over at https://63b614eb.suppler-geo.pages.dev
=== Task 4: Daily report ===
Report: /root/.openclaw/workspace-crm/central/reports/supply_2026-04-23.json
=== Done 2026-04-23 ===
=== SupplyLink Daily Run 2026-04-23 ===
Task file: /root/.openclaw/workspace-crm/central/tasks/supply-daily-task.md
=== Task 1: Generate subclasses ===
  Generating: clothing-dresses (product)
Generated: product/clothing-dresses.html (9 KB)
Output: /root/.openclaw/workspace-crm/notebooklm_seo/output/supply-chain/product/clothing-dresses.html
  Generating: clothing-jackets (product)
Generated: product/clothing-jackets.html (9 KB)
Output: /root/.openclaw/workspace-crm/notebooklm_seo/output/supply-chain/product/clothing-jackets.html
  Generating: clothing-pants (product)
Generated: product/clothing-pants.html (9 KB)
Output: /root/.openclaw/workspace-crm/notebooklm_seo/output/supply-chain/product/clothing-pants.html
  Generating: clothing-activewear (product)
Generated: product/clothing-activewear.html (9 KB)
Output: /root/.openclaw/workspace-crm/notebooklm_seo/output/supply-chain/product/clothing-activewear.html
  Generating: clothing-formal (product)
Generated: product/clothing-formal.html (9 KB)
Output: /root/.openclaw/workspace-crm/notebooklm_seo/output/supply-chain/product/clothing-formal.html
  Generating: smartphones (product)
Generated: product/smartphones.html (9 KB)
Output: /root/.openclaw/workspace-crm/notebooklm_seo/output/supply-chain/product/smartphones.html
  Generating: tablets (product)
Generated: product/tablets.html (9 KB)
Output: /root/.openclaw/workspace-crm/notebooklm_seo/output/supply-chain/product/tablets.html
  Generating: smartwatches (product)
Generated: product/smartwatches.html (9 KB)
Output: /root/.openclaw/workspace-crm/notebooklm_seo/output/supply-chain/product/smartwatches.html
  Generating: cameras (product)
Generated: product/cameras.html (9 KB)
Output: /root/.openclaw/workspace-crm/notebooklm_seo/output/supply-chain/product/cameras.html
Subclass generation complete
=== Task 2: Git push ===
[main 0545c6b] Supply: +clothing +electronics subclasses 2026-04-23
 130 files changed, 6042 insertions(+), 170 deletions(-)
 create mode 100644 city/dongguan.html
 create mode 100644 city/dongguan_manifest.json
 create mode 100644 city/guangzhou.html
 create mode 100644 city/guangzhou_manifest.json
 create mode 100644 city/ningbo.html
 create mode 100644 city/ningbo_manifest.json
 create mode 100644 city/qingdao.html
 create mode 100644 city/qingdao_manifest.json
 create mode 100644 city/shenzhen.html
 create mode 100644 city/shenzhen_manifest.json
 create mode 100644 city/yiwu.html
 create mode 100644 city/yiwu_manifest.json
 create mode 100644 guide/incoterms-guide.html
 create mode 100644 guide/incoterms-guide_manifest.json
 create mode 100644 guide/moq-guide.html
 create mode 100644 guide/moq-guide_manifest.json
 create mode 100644 guide/quality-control.html
 create mode 100644 guide/quality-control_manifest.json
 create mode 100644 guide/shipping-guide.html
 create mode 100644 guide/shipping-guide_manifest.json
 create mode 100644 guide/sourcing-guide.html
 create mode 100644 guide/sourcing-guide_manifest.json
 create mode 100644 product/activewear.html
 create mode 100644 product/activewear_manifest.json
 create mode 100644 product/bags.html
 create mode 100644 product/bags_manifest.json
 create mode 100644 product/beauty-products.html
 create mode 100644 product/beauty-products_manifest.json
 create mode 100644 product/cameras.html
 create mode 100644 product/cameras_manifest.json
 create mode 100644 product/childrens-clothing.html
 create mode 100644 product/childrens-clothing_manifest.json
 create mode 100644 product/clothing-activewear.html
 create mode 100644 product/clothing-activewear_manifest.json
 create mode 100644 product/clothing-dresses.html
 create mode 100644 product/clothing-dresses_manifest.json
 create mode 100644 product/clothing-formal.html
 create mode 100644 product/clothing-formal_manifest.json
 create mode 100644 product/clothing-jackets.html
 create mode 100644 product/clothing-jackets_manifest.json
 create mode 100644 product/clothing-pants.html
 create mode 100644 product/clothing-pants_manifest.json
 create mode 100644 product/clothing.html
 create mode 100644 product/clothing_manifest.json
 create mode 100644 product/dresses.html
 create mode 100644 product/dresses_manifest.json
 create mode 100644 product/electronics.html
 create mode 100644 product/electronics_manifest.json
 create mode 100644 product/fitness-equipment.html
 create mode 100644 product/fitness-equipment_manifest.json
 create mode 100644 product/formal-wear.html
 create mode 100644 product/formal-wear_manifest.json
 create mode 100644 product/jackets.html
 create mode 100644 product/jackets_manifest.json
 create mode 100644 product/mens-clothing.html
 create mode 100644 product/mens-clothing_manifest.json
 create mode 100644 product/pants.html
 create mode 100644 product/pants_manifest.json
 create mode 100644 product/shoes.html
 create mode 100644 product/shoes_manifest.json
 create mode 100644 product/smartphones.html
 create mode 100644 product/smartphones_manifest.json
 create mode 100644 product/smartwatches.html
 create mode 100644 product/smartwatches_manifest.json
 create mode 100644 product/sports.html
 create mode 100644 product/sports_manifest.json
 create mode 100644 product/sportswear.html
 create mode 100644 product/sportswear_manifest.json
 create mode 100644 product/swimwear.html
 create mode 100644 product/swimwear_manifest.json
 create mode 100644 product/tablets.html
 create mode 100644 product/tablets_manifest.json
 create mode 100644 product/toys.html
 create mode 100644 product/toys_manifest.json
 create mode 100644 product/underwear.html
 create mode 100644 product/underwear_manifest.json
 create mode 100644 product/womens-clothing.html
 create mode 100644 product/womens-clothing_manifest.json
 create mode 100644 product/yoga-mats.html
 create mode 100644 product/yoga-mats_manifest.json
 create mode 100644 service/inspection.html
 create mode 100644 service/inspection_manifest.json
 create mode 100644 service/shipping.html
 create mode 100644 service/shipping_manifest.json
 create mode 100644 service/sourcing.html
 create mode 100644 service/sourcing_manifest.json
To https://github.com/samwang0420-code/suppler-geo.git
   cf80952..0545c6b  main -> main
Git push: 0545c6b
=== Task 3: Cloudflare deploy ===

 в›…пёЏ wrangler 4.73.0 (update available 4.84.1)
в”Ђв”Ђв”Ђв”Ђв”Ђв”Ђв”Ђв”Ђв”Ђв”Ђв”Ђв”Ђв”Ђв”Ђв”Ђв”Ђв”Ђв”Ђв”Ђв”Ђв”Ђв”Ђв”Ђв”Ђв”Ђв”Ђв”Ђв”Ђв”Ђв”Ђв”Ђв”Ђв”Ђв”Ђв”Ђв”Ђв”Ђв”Ђв”Ђв”Ђв”Ђв”Ђв”Ђв”Ђв”Ђ
[33mв–І [43;33m[[43;30mWARNING[43;33m][0m [1mPages now has wrangler.toml support.[0m

  We detected a configuration file at /root/.openclaw/workspace-geo-suppler/suppler-geo/wrangler.toml but it is missing the "pages_build_output_dir" field, required by Pages.
  If you would like to use this configuration file to deploy your project, please use "pages_build_output_dir" to specify the directory of static files to upload.
  Ignoring configuration file for now, and proceeding with project deploy.


[33mв–І [43;33m[[43;30mWARNING[43;33m][0m [1mWarning: Your working directory is a git repo and has uncommitted changes[0m

  To silence this warning, pass in --commit-dirty=true


Uploading... (172/246)
Uploading... (196/246)
Uploading... (221/246)
Uploading... (246/246)
вњЁ Success! Uploaded 74 files (172 already uploaded) (1.85 sec)

вњЁ Uploading _redirects
рџЊЋ Deploying...
вњЁ Deployment complete! Take a peek over at https://9efaa01c.suppler-geo.pages.dev
=== Task 4: Daily report ===
Report: /root/.openclaw/workspace-crm/central/reports/supply_2026-04-23.json
=== Done 2026-04-23 ===
=== SupplyLink Daily Run 2026-04-23 ===
Task file: /root/.openclaw/workspace-crm/central/tasks/supply-daily-task.md
=== Task 1: Generate subclasses ===
  Generating: clothing-dresses (product)
Generated: product/clothing-dresses.html (9 KB)
Output: /root/.openclaw/workspace-crm/notebooklm_seo/output/supply-chain/product/clothing-dresses.html
  Generating: clothing-jackets (product)
Generated: product/clothing-jackets.html (9 KB)
Output: /root/.openclaw/workspace-crm/notebooklm_seo/output/supply-chain/product/clothing-jackets.html
  Generating: clothing-pants (product)
Generated: product/clothing-pants.html (9 KB)
Output: /root/.openclaw/workspace-crm/notebooklm_seo/output/supply-chain/product/clothing-pants.html
  Generating: clothing-activewear (product)
Generated: product/clothing-activewear.html (9 KB)
Output: /root/.openclaw/workspace-crm/notebooklm_seo/output/supply-chain/product/clothing-activewear.html
  Generating: clothing-formal (product)
Generated: product/clothing-formal.html (9 KB)
Output: /root/.openclaw/workspace-crm/notebooklm_seo/output/supply-chain/product/clothing-formal.html
  Generating: smartphones (product)
Generated: product/smartphones.html (9 KB)
Output: /root/.openclaw/workspace-crm/notebooklm_seo/output/supply-chain/product/smartphones.html
  Generating: tablets (product)
Generated: product/tablets.html (9 KB)
Output: /root/.openclaw/workspace-crm/notebooklm_seo/output/supply-chain/product/tablets.html
  Generating: smartwatches (product)
Generated: product/smartwatches.html (9 KB)
Output: /root/.openclaw/workspace-crm/notebooklm_seo/output/supply-chain/product/smartwatches.html
  Generating: cameras (product)
Generated: product/cameras.html (9 KB)
Output: /root/.openclaw/workspace-crm/notebooklm_seo/output/supply-chain/product/cameras.html
Subclass generation complete
=== Task 2: Git push ===
[main a14d4cd] Supply: +clothing +electronics subclasses 2026-04-23
 27 files changed, 447 insertions(+), 319 deletions(-)
To https://github.com/samwang0420-code/suppler-geo.git
   0545c6b..a14d4cd  main -> main
Git push: a14d4cd
=== Task 3: Cloudflare deploy ===

 в›…пёЏ wrangler 4.73.0 (update available 4.84.1)
в”Ђв”Ђв”Ђв”Ђв”Ђв”Ђв”Ђв”Ђв”Ђв”Ђв”Ђв”Ђв”Ђв”Ђв”Ђв”Ђв”Ђв”Ђв”Ђв”Ђв”Ђв”Ђв”Ђв”Ђв”Ђв”Ђв”Ђв”Ђв”Ђв”Ђв”Ђв”Ђв”Ђв”Ђв”Ђв”Ђв”Ђв”Ђв”Ђв”Ђв”Ђв”Ђв”Ђв”Ђв”Ђ
[33mв–І [43;33m[[43;30mWARNING[43;33m][0m [1mPages now has wrangler.toml support.[0m

  We detected a configuration file at /root/.openclaw/workspace-geo-suppler/suppler-geo/wrangler.toml but it is missing the "pages_build_output_dir" field, required by Pages.
  If you would like to use this configuration file to deploy your project, please use "pages_build_output_dir" to specify the directory of static files to upload.
  Ignoring configuration file for now, and proceeding with project deploy.


[33mв–І [43;33m[[43;30mWARNING[43;33m][0m [1mWarning: Your working directory is a git repo and has uncommitted changes[0m

  To silence this warning, pass in --commit-dirty=true


Uploading... (236/246)
Uploading... (239/246)
Uploading... (242/246)
Uploading... (246/246)
вњЁ Success! Uploaded 10 files (236 already uploaded) (1.86 sec)

вњЁ Uploading _redirects
рџЊЋ Deploying...
вњЁ Deployment complete! Take a peek over at https://25fd61c3.suppler-geo.pages.dev
=== Task 4: Daily report ===
Report: /root/.openclaw/workspace-crm/central/reports/supply_2026-04-23.json
=== Done 2026-04-23 ===
=== SupplyLink Daily Run 2026-04-23 ===
Task file: /root/.openclaw/workspace-crm/central/tasks/supply-daily-task.md
=== Task 1: Generate subclasses ===
  Generating: clothing-dresses (product)
Generated: product/clothing-dresses.html (9 KB)
Output: /root/.openclaw/workspace-crm/notebooklm_seo/output/supply-chain/product/clothing-dresses.html
  Generating: clothing-jackets (product)
Generated: product/clothing-jackets.html (9 KB)
Output: /root/.openclaw/workspace-crm/notebooklm_seo/output/supply-chain/product/clothing-jackets.html
  Generating: clothing-pants (product)
Generated: product/clothing-pants.html (9 KB)
Output: /root/.openclaw/workspace-crm/notebooklm_seo/output/supply-chain/product/clothing-pants.html
  Generating: clothing-activewear (product)
Generated: product/clothing-activewear.html (9 KB)
Output: /root/.openclaw/workspace-crm/notebooklm_seo/output/supply-chain/product/clothing-activewear.html
  Generating: clothing-formal (product)
Generated: product/clothing-formal.html (9 KB)
Output: /root/.openclaw/workspace-crm/notebooklm_seo/output/supply-chain/product/clothing-formal.html
  Generating: smartphones (product)
Generated: product/smartphones.html (9 KB)
Output: /root/.openclaw/workspace-crm/notebooklm_seo/output/supply-chain/product/smartphones.html
  Generating: tablets (product)
Generated: product/tablets.html (9 KB)
Output: /root/.openclaw/workspace-crm/notebooklm_seo/output/supply-chain/product/tablets.html
  Generating: smartwatches (product)
Generated: product/smartwatches.html (9 KB)
Output: /root/.openclaw/workspace-crm/notebooklm_seo/output/supply-chain/product/smartwatches.html
  Generating: cameras (product)
Generated: product/cameras.html (9 KB)
Output: /root/.openclaw/workspace-crm/notebooklm_seo/output/supply-chain/product/cameras.html
Subclass generation complete
=== Task 2: Git push ===
